<?xml version="1.0" encoding="UTF-8"?>
<!-- Generated by org.testng.reporters.JUnitReportReporter -->
<testsuite hostname="KIRUTHIKAA" failures="0" tests="7" name="Assessments.assessment3TestCase2" time="11.926" errors="0" timestamp="2026-03-13T14:10:52 IST" skipped="0">
  <testcase classname="Assessments.assessment3TestCase2" name="launchingBrowser" time="2.117"/>
  <testcase classname="Assessments.assessment3TestCase2" name="login" time="6.410"/>
  <testcase classname="Assessments.assessment3TestCase2" name="validateProductPage" time="0.115"/>
  <testcase classname="Assessments.assessment3TestCase2" name="addToCart" time="0.413"/>
  <testcase classname="Assessments.assessment3TestCase2" name="verifyCart" time="0.337"/>
  <testcase classname="Assessments.assessment3TestCase2" name="checkOut" time="1.318"/>
  <testcase classname="Assessments.assessment3TestCase2" name="logout" time="1.216"/>
</testsuite> <!-- Assessments.assessment3TestCase2 -->
