<?xml version="1.0" encoding="UTF-8"?>
<!-- Generated by org.testng.reporters.JUnitReportReporter -->
<testsuite hostname="KIRUTHIKAA" failures="0" tests="6" name="Assessments.assessment3TestCase1" time="18.772" errors="0" timestamp="2026-03-13T14:28:04 IST" skipped="0">
  <testcase classname="Assessments.assessment3TestCase1" name="launchingBrowser" time="1.923"/>
  <testcase classname="Assessments.assessment3TestCase1" name="login" time="6.505"/>
  <testcase classname="Assessments.assessment3TestCase1" name="products" time="8.534"/>
  <testcase classname="Assessments.assessment3TestCase1" name="verifyCart" time="0.175"/>
  <testcase classname="Assessments.assessment3TestCase1" name="checkOut" time="0.765"/>
  <testcase classname="Assessments.assessment3TestCase1" name="logout" time="0.870"/>
</testsuite> <!-- Assessments.assessment3TestCase1 -->
