<?xml version="1.0" encoding="UTF-8"?>
<testng-results ignored="0" total="6" passed="6" failed="0" skipped="0">
  <reporter-output>
  </reporter-output>
  <suite started-at="2026-03-13T14:27:44 IST" name="Default suite" finished-at="2026-03-13T14:28:03 IST" duration-ms="18873">
    <groups>
    </groups>
    <test started-at="2026-03-13T14:27:44 IST" name="Default test" finished-at="2026-03-13T14:28:03 IST" duration-ms="18873">
      <class name="Assessments.assessment3TestCase1">
        <test-method signature="launchingBrowser()[pri:-1, instance:Assessments.assessment3TestCase1@2a65fe7c]" started-at="2026-03-13T14:27:44 IST" name="launchingBrowser" finished-at="2026-03-13T14:27:46 IST" duration-ms="1923" status="PASS">
          <reporter-output>
          </reporter-output>
        </test-method> <!-- launchingBrowser -->
        <test-method signature="login()[pri:1, instance:Assessments.assessment3TestCase1@2a65fe7c]" started-at="2026-03-13T14:27:46 IST" name="login" finished-at="2026-03-13T14:27:53 IST" depends-on-methods="Assessments.assessment3TestCase1.launchingBrowser" duration-ms="6505" status="PASS">
          <reporter-output>
          </reporter-output>
        </test-method> <!-- login -->
        <test-method signature="products()[pri:2, instance:Assessments.assessment3TestCase1@2a65fe7c]" started-at="2026-03-13T14:27:53 IST" name="products" finished-at="2026-03-13T14:28:01 IST" depends-on-methods="Assessments.assessment3TestCase1.login" duration-ms="8534" status="PASS">
          <reporter-output>
          </reporter-output>
        </test-method> <!-- products -->
        <test-method signature="verifyCart()[pri:3, instance:Assessments.assessment3TestCase1@2a65fe7c]" started-at="2026-03-13T14:28:01 IST" name="verifyCart" finished-at="2026-03-13T14:28:02 IST" depends-on-methods="Assessments.assessment3TestCase1.products" duration-ms="175" status="PASS">
          <reporter-output>
          </reporter-output>
        </test-method> <!-- verifyCart -->
        <test-method signature="checkOut()[pri:4, instance:Assessments.assessment3TestCase1@2a65fe7c]" started-at="2026-03-13T14:28:02 IST" name="checkOut" finished-at="2026-03-13T14:28:02 IST" depends-on-methods="Assessments.assessment3TestCase1.verifyCart" duration-ms="765" status="PASS">
          <reporter-output>
          </reporter-output>
        </test-method> <!-- checkOut -->
        <test-method signature="logout()[pri:7, instance:Assessments.assessment3TestCase1@2a65fe7c]" started-at="2026-03-13T14:28:02 IST" name="logout" finished-at="2026-03-13T14:28:03 IST" depends-on-methods="Assessments.assessment3TestCase1.login" duration-ms="870" status="PASS">
          <reporter-output>
          </reporter-output>
        </test-method> <!-- logout -->
      </class> <!-- Assessments.assessment3TestCase1 -->
    </test> <!-- Default test -->
  </suite> <!-- Default suite -->
</testng-results>
