<?xml version="1.0" encoding="UTF-8"?>
<testng-results ignored="0" total="10" passed="10" failed="0" skipped="0">
  <reporter-output>
  </reporter-output>
  <suite started-at="2026-03-14T09:41:30 IST" name="Default suite" finished-at="2026-03-14T09:42:12 IST" duration-ms="42145">
    <groups>
    </groups>
    <test started-at="2026-03-14T09:41:30 IST" name="Default test" finished-at="2026-03-14T09:42:12 IST" duration-ms="42145">
      <class name="Practice.LogInAndLogOutTestCase">
        <test-method signature="login()[pri:-1, instance:Practice.LogInAndLogOutTestCase@2b662a77]" started-at="2026-03-14T09:41:30 IST" name="login" finished-at="2026-03-14T09:41:34 IST" duration-ms="3574" status="PASS">
          <reporter-output>
          </reporter-output>
        </test-method> <!-- login -->
        <test-method signature="login()[pri:-1, instance:Practice.LogInAndLogOutTestCase@2b662a77]" started-at="2026-03-14T09:41:34 IST" name="login" finished-at="2026-03-14T09:41:37 IST" duration-ms="3190" status="PASS">
          <reporter-output>
          </reporter-output>
        </test-method> <!-- login -->
        <test-method signature="login()[pri:-1, instance:Practice.LogInAndLogOutTestCase@2b662a77]" started-at="2026-03-14T09:41:37 IST" name="login" finished-at="2026-03-14T09:41:39 IST" duration-ms="2357" status="PASS">
          <reporter-output>
          </reporter-output>
        </test-method> <!-- login -->
        <test-method signature="login()[pri:-1, instance:Practice.LogInAndLogOutTestCase@2b662a77]" started-at="2026-03-14T09:41:39 IST" name="login" finished-at="2026-03-14T09:41:42 IST" duration-ms="2865" status="PASS">
          <reporter-output>
          </reporter-output>
        </test-method> <!-- login -->
        <test-method signature="login()[pri:-1, instance:Practice.LogInAndLogOutTestCase@2b662a77]" started-at="2026-03-14T09:41:42 IST" name="login" finished-at="2026-03-14T09:41:45 IST" duration-ms="2800" status="PASS">
          <reporter-output>
          </reporter-output>
        </test-method> <!-- login -->
        <test-method signature="login()[pri:-1, instance:Practice.LogInAndLogOutTestCase@2b662a77]" started-at="2026-03-14T09:41:45 IST" name="login" finished-at="2026-03-14T09:41:48 IST" duration-ms="2802" status="PASS">
          <reporter-output>
          </reporter-output>
        </test-method> <!-- login -->
        <test-method signature="login()[pri:-1, instance:Practice.LogInAndLogOutTestCase@2b662a77]" started-at="2026-03-14T09:41:48 IST" name="login" finished-at="2026-03-14T09:41:52 IST" duration-ms="4529" status="PASS">
          <reporter-output>
          </reporter-output>
        </test-method> <!-- login -->
        <test-method signature="login()[pri:-1, instance:Practice.LogInAndLogOutTestCase@2b662a77]" started-at="2026-03-14T09:41:52 IST" name="login" finished-at="2026-03-14T09:41:59 IST" duration-ms="6446" status="PASS">
          <reporter-output>
          </reporter-output>
        </test-method> <!-- login -->
        <test-method signature="login()[pri:-1, instance:Practice.LogInAndLogOutTestCase@2b662a77]" started-at="2026-03-14T09:41:59 IST" name="login" finished-at="2026-03-14T09:42:06 IST" duration-ms="7002" status="PASS">
          <reporter-output>
          </reporter-output>
        </test-method> <!-- login -->
        <test-method signature="login()[pri:-1, instance:Practice.LogInAndLogOutTestCase@2b662a77]" started-at="2026-03-14T09:42:06 IST" name="login" finished-at="2026-03-14T09:42:12 IST" duration-ms="6333" status="PASS">
          <reporter-output>
          </reporter-output>
        </test-method> <!-- login -->
      </class> <!-- Practice.LogInAndLogOutTestCase -->
    </test> <!-- Default test -->
  </suite> <!-- Default suite -->
</testng-results>
