<?xml version="1.0" encoding="UTF-8"?>
<!-- Generated by org.testng.reporters.JUnitReportReporter -->
<testsuite hostname="KIRUTHIKAA" failures="0" tests="3" name="Practice.DemoTest" time="0.018" errors="0" timestamp="2026-03-12T08:51:33 IST" skipped="0">
  <testcase classname="Practice.DemoTest" name="logIn" time="0.011"/>
  <testcase classname="Practice.DemoTest" name="addEmployee" time="0.005"/>
  <testcase classname="Practice.DemoTest" name="logOut" time="0.002"/>
</testsuite> <!-- Practice.DemoTest -->
