<?xml version="1.0" encoding="UTF-8"?>
<!-- Generated by org.testng.reporters.JUnitXMLReporter -->
<testsuite ignored="0" hostname="KIRUTHIKAA" failures="0" tests="10" name="Default test" time="42.145" errors="0" timestamp="2026-03-14T09:42:13 IST">
  <testcase classname="Practice.LogInAndLogOutTestCase" name="login" time="3.574"/>
  <testcase classname="Practice.LogInAndLogOutTestCase" name="login" time="3.19"/>
  <testcase classname="Practice.LogInAndLogOutTestCase" name="login" time="2.357"/>
  <testcase classname="Practice.LogInAndLogOutTestCase" name="login" time="2.865"/>
  <testcase classname="Practice.LogInAndLogOutTestCase" name="login" time="2.8"/>
  <testcase classname="Practice.LogInAndLogOutTestCase" name="login" time="2.802"/>
  <testcase classname="Practice.LogInAndLogOutTestCase" name="login" time="4.529"/>
  <testcase classname="Practice.LogInAndLogOutTestCase" name="login" time="6.446"/>
  <testcase classname="Practice.LogInAndLogOutTestCase" name="login" time="7.002"/>
  <testcase classname="Practice.LogInAndLogOutTestCase" name="login" time="6.333"/>
</testsuite> <!-- Default test -->
